<?xml version="1.0" encoding="UTF-8"?>
<!-- Generated by org.testng.reporters.JUnitReportReporter -->
<testsuite hostname="VAIO" failures="0" tests="1" name="TestCases.TC_001" time="3.574" errors="0" timestamp="2021-03-14T10:41:03 IST" skipped="0">
  <testcase classname="TestCases.TC_001" name="Amazon" time="3.574"/>
  <system-out/>
</testsuite> <!-- TestCases.TC_001 -->
